c:\users\sebas\onedrive\dokumenty\visual studio 2015\projects\sdizo2\sdizo2\x64\debug\vc140.pdb
c:\users\sebas\onedrive\dokumenty\visual studio 2015\projects\sdizo2\sdizo2\x64\debug\vc140.idb
c:\users\sebas\onedrive\dokumenty\visual studio 2015\projects\sdizo2\sdizo2\x64\debug\adjacencylist.obj
c:\users\sebas\onedrive\dokumenty\visual studio 2015\projects\sdizo2\sdizo2\x64\debug\array.obj
c:\users\sebas\onedrive\dokumenty\visual studio 2015\projects\sdizo2\sdizo2\x64\debug\binaryheap.obj
c:\users\sebas\onedrive\dokumenty\visual studio 2015\projects\sdizo2\sdizo2\x64\debug\doublylinkedlist.obj
c:\users\sebas\onedrive\dokumenty\visual studio 2015\projects\sdizo2\sdizo2\x64\debug\dsclass.obj
c:\users\sebas\onedrive\dokumenty\visual studio 2015\projects\sdizo2\sdizo2\x64\debug\helpermethods.obj
c:\users\sebas\onedrive\dokumenty\visual studio 2015\projects\sdizo2\sdizo2\x64\debug\main.obj
c:\users\sebas\onedrive\dokumenty\visual studio 2015\projects\sdizo2\sdizo2\x64\debug\matrix.obj
c:\users\sebas\onedrive\dokumenty\visual studio 2015\projects\sdizo2\sdizo2\x64\debug\mstree.obj
c:\users\sebas\onedrive\dokumenty\visual studio 2015\projects\sdizo2\sdizo2\x64\debug\test.obj
c:\users\sebas\onedrive\dokumenty\visual studio 2015\projects\sdizo2\sdizo2\x64\debug\ui.obj
c:\users\sebas\onedrive\dokumenty\visual studio 2015\projects\sdizo2\x64\debug\sdizo2.ilk
c:\users\sebas\onedrive\dokumenty\visual studio 2015\projects\sdizo2\x64\debug\sdizo2.exe
c:\users\sebas\onedrive\dokumenty\visual studio 2015\projects\sdizo2\x64\debug\sdizo2.pdb
c:\users\sebas\onedrive\dokumenty\visual studio 2015\projects\sdizo2\sdizo2\x64\debug\sdizo2.tlog\cl.command.1.tlog
c:\users\sebas\onedrive\dokumenty\visual studio 2015\projects\sdizo2\sdizo2\x64\debug\sdizo2.tlog\cl.read.1.tlog
c:\users\sebas\onedrive\dokumenty\visual studio 2015\projects\sdizo2\sdizo2\x64\debug\sdizo2.tlog\cl.write.1.tlog
c:\users\sebas\onedrive\dokumenty\visual studio 2015\projects\sdizo2\sdizo2\x64\debug\sdizo2.tlog\link.command.1.tlog
c:\users\sebas\onedrive\dokumenty\visual studio 2015\projects\sdizo2\sdizo2\x64\debug\sdizo2.tlog\link.read.1.tlog
c:\users\sebas\onedrive\dokumenty\visual studio 2015\projects\sdizo2\sdizo2\x64\debug\sdizo2.tlog\link.write.1.tlog
