c:\users\sebas\onedrive\dokumenty\visual studio 2015\projects\sdizo2\sdizo2\x64\release\vc140.pdb
c:\users\sebas\onedrive\dokumenty\visual studio 2015\projects\sdizo2\sdizo2\x64\release\ui.obj
c:\users\sebas\onedrive\dokumenty\visual studio 2015\projects\sdizo2\sdizo2\x64\release\test.obj
c:\users\sebas\onedrive\dokumenty\visual studio 2015\projects\sdizo2\sdizo2\x64\release\mstree.obj
c:\users\sebas\onedrive\dokumenty\visual studio 2015\projects\sdizo2\sdizo2\x64\release\matrix.obj
c:\users\sebas\onedrive\dokumenty\visual studio 2015\projects\sdizo2\sdizo2\x64\release\main.obj
c:\users\sebas\onedrive\dokumenty\visual studio 2015\projects\sdizo2\sdizo2\x64\release\helpermethods.obj
c:\users\sebas\onedrive\dokumenty\visual studio 2015\projects\sdizo2\sdizo2\x64\release\dsclass.obj
c:\users\sebas\onedrive\dokumenty\visual studio 2015\projects\sdizo2\sdizo2\x64\release\doublylinkedlist.obj
c:\users\sebas\onedrive\dokumenty\visual studio 2015\projects\sdizo2\sdizo2\x64\release\binaryheap.obj
c:\users\sebas\onedrive\dokumenty\visual studio 2015\projects\sdizo2\sdizo2\x64\release\array.obj
c:\users\sebas\onedrive\dokumenty\visual studio 2015\projects\sdizo2\sdizo2\x64\release\adjacencylist.obj
c:\users\sebas\onedrive\dokumenty\visual studio 2015\projects\sdizo2\sdizo2\x64\release\doublylinkedlistedges.obj
c:\users\sebas\onedrive\dokumenty\visual studio 2015\projects\sdizo2\sdizo2\x64\release\disjointset.obj
c:\users\sebas\onedrive\dokumenty\visual studio 2015\projects\sdizo2\x64\release\sdizo2.exe
c:\users\sebas\onedrive\dokumenty\visual studio 2015\projects\sdizo2\x64\release\sdizo2.ipdb
c:\users\sebas\onedrive\dokumenty\visual studio 2015\projects\sdizo2\x64\release\sdizo2.iobj
c:\users\sebas\onedrive\dokumenty\visual studio 2015\projects\sdizo2\x64\release\sdizo2.pdb
c:\users\sebas\onedrive\dokumenty\visual studio 2015\projects\sdizo2\sdizo2\x64\release\sdizo2.tlog\cl.command.1.tlog
c:\users\sebas\onedrive\dokumenty\visual studio 2015\projects\sdizo2\sdizo2\x64\release\sdizo2.tlog\cl.read.1.tlog
c:\users\sebas\onedrive\dokumenty\visual studio 2015\projects\sdizo2\sdizo2\x64\release\sdizo2.tlog\cl.write.1.tlog
c:\users\sebas\onedrive\dokumenty\visual studio 2015\projects\sdizo2\sdizo2\x64\release\sdizo2.tlog\link.command.1.tlog
c:\users\sebas\onedrive\dokumenty\visual studio 2015\projects\sdizo2\sdizo2\x64\release\sdizo2.tlog\link.read.1.tlog
c:\users\sebas\onedrive\dokumenty\visual studio 2015\projects\sdizo2\sdizo2\x64\release\sdizo2.tlog\link.write.1.tlog
